<?xml version="1.0" encoding="UTF-8"?>
<testsuite name="TestAnnotationMock" tests="1" skipped="0" failures="0" errors="0" timestamp="2017-10-09T20:11:49" hostname="DESKTOP-ILFA5EQ" time="0.078">
  <properties/>
  <testcase name="addDocument" classname="TestAnnotationMock" time="0.078"/>
  <system-out><![CDATA[]]></system-out>
  <system-err><![CDATA[]]></system-err>
</testsuite>
