<?xml version="1.0" encoding="UTF-8"?>
<testsuite name="Test2" tests="2" skipped="2" failures="0" errors="0" timestamp="2017-10-09T20:11:49" hostname="DESKTOP-ILFA5EQ" time="0.245">
  <properties/>
  <testcase name="test1" classname="Test2" time="0.001">
    <skipped/>
  </testcase>
  <testcase name="test1" classname="Test2" time="0.003">
    <skipped/>
  </testcase>
  <system-out><![CDATA[]]></system-out>
  <system-err><![CDATA[]]></system-err>
</testsuite>
