<?xml version="1.0" encoding="UTF-8"?>
<testsuite name="Test1" tests="2" skipped="0" failures="0" errors="0" timestamp="2017-10-09T20:11:49" hostname="DESKTOP-ILFA5EQ" time="0.257">
  <properties/>
  <testcase name="test1" classname="Test1" time="0.001"/>
  <testcase name="test1" classname="Test1" time="0.001"/>
  <system-out><![CDATA[]]></system-out>
  <system-err><![CDATA[]]></system-err>
</testsuite>
