<?xml version="1.0" encoding="UTF-8"?>
<testsuite name="TestWithParametrs" tests="1" skipped="0" failures="0" errors="0" timestamp="2017-10-09T20:11:50" hostname="DESKTOP-ILFA5EQ" time="0.002">
  <properties/>
  <testcase name="t[0]" classname="TestWithParametrs" time="0.002"/>
  <system-out><![CDATA[]]></system-out>
  <system-err><![CDATA[]]></system-err>
</testsuite>
